gr_block_executor: <gr_block message_sink (12)>

<gr_block message_sink (12)> sink
  d_ninput_items[0] = 0
  d_input_done[0] = 0
  max_items_avail = 0
  noutput_items = 0
  BLKD_IN

<gr_block message_sink (12)> sink
  d_ninput_items[0] = 8192
  d_input_done[0] = 0
  max_items_avail = 8192
  noutput_items = 8192
  general_work: noutput_items = 8192 result = 8192

<gr_block message_sink (12)> sink
  d_ninput_items[0] = 8191
  d_input_done[0] = 0
  max_items_avail = 8191
  noutput_items = 8191
  general_work: noutput_items = 8191 result = 8191

<gr_block message_sink (12)> sink
  d_ninput_items[0] = 8192
  d_input_done[0] = 0
  max_items_avail = 8192
  noutput_items = 8192
  general_work: noutput_items = 8192 result = 8192

<gr_block message_sink (12)> sink
  d_ninput_items[0] = 8191
  d_input_done[0] = 0
  max_items_avail = 8191
  noutput_items = 8191
  general_work: noutput_items = 8191 result = 8191

<gr_block message_sink (12)> sink
  d_ninput_items[0] = 8192
  d_input_done[0] = 0
  max_items_avail = 8192
  noutput_items = 8192
  general_work: noutput_items = 8192 result = 8192

<gr_block message_sink (12)> sink
  d_ninput_items[0] = 8191
  d_input_done[0] = 0
  max_items_avail = 8191
  noutput_items = 8191
  general_work: noutput_items = 8191 result = 8191

<gr_block message_sink (12)> sink
  d_ninput_items[0] = 8192
  d_input_done[0] = 0
  max_items_avail = 8192
  noutput_items = 8192
  general_work: noutput_items = 8192 result = 8192

<gr_block message_sink (12)> sink
  d_ninput_items[0] = 8191
  d_input_done[0] = 0
  max_items_avail = 8191
  noutput_items = 8191
  general_work: noutput_items = 8191 result = 8191

<gr_block message_sink (12)> sink
  d_ninput_items[0] = 8192
  d_input_done[0] = 0
  max_items_avail = 8192
  noutput_items = 8192
  general_work: noutput_items = 8192 result = 8192

<gr_block message_sink (12)> sink
  d_ninput_items[0] = 8191
  d_input_done[0] = 0
  max_items_avail = 8191
  noutput_items = 8191
  general_work: noutput_items = 8191 result = 8191

<gr_block message_sink (12)> sink
  d_ninput_items[0] = 8192
  d_input_done[0] = 0
  max_items_avail = 8192
  noutput_items = 8192
