gr_block_executor: <gr_block file_source (26)>

<gr_block file_source (26)> source
  noutput_items = 8192
  general_work: noutput_items = 8192 result = 8192

<gr_block file_source (26)> source
  noutput_items = 8191
  general_work: noutput_items = 8191 result = 8191

<gr_block file_source (26)> source
  noutput_items = 8192
  general_work: noutput_items = 8192 result = 8192

<gr_block file_source (26)> source
  noutput_items = 0
  BLKD_OUT

<gr_block file_source (26)> source
  noutput_items = 8191
  general_work: noutput_items = 8191 result = 8191

<gr_block file_source (26)> source
  noutput_items = 0
  BLKD_OUT

<gr_block file_source (26)> source
  noutput_items = 8192
  general_work: noutput_items = 8192 result = 8192

<gr_block file_source (26)> source
  noutput_items = 0
  BLKD_OUT

<gr_block file_source (26)> source
  noutput_items = 8191
  general_work: noutput_items = 8191 result = 8191

<gr_block file_source (26)> source
  noutput_items = 0
  BLKD_OUT

<gr_block file_source (26)> source
  noutput_items = 8192
  general_work: noutput_items = 8192 result = 8192

<gr_block file_source (26)> source
  noutput_items = 0
  BLKD_OUT

<gr_block file_source (26)> source
  noutput_items = 8191
  general_work: noutput_items = 8191 result = 8191

<gr_block file_source (26)> source
  noutput_items = 0
  BLKD_OUT

<gr_block file_source (26)> source
  noutput_items = 8192
  general_work: noutput_items = 8192 result = 8192

<gr_block file_source (26)> source
  noutput_items = 0
  BLKD_OUT

<gr_block file_source (26)> source
  noutput_items = 8191
  general_work: noutput_items = 8191 result = 8191

<gr_block file_source (26)> source
  noutput_items = 0
  BLKD_OUT

<gr_block file_source (26)> source
  noutput_items = 8192
  general_work: noutput_items = 8192 result = 8192

<gr_block file_source (26)> source
  noutput_items = 0
  BLKD_OUT

<gr_block file_source (26)> source
  noutput_items = 8191
  general_work: noutput_items = 8191 result = 8191

<gr_block file_source (26)> source
  noutput_items = 0
  BLKD_OUT
