gr_single_threaded_scheduler: 2 blocks
<gr_block file_source (26)> in= 0 out= 1

<gr_block file_source (26)>  noutput_items = 0
  rel rate      = 1
  Skipping source
<gr_block message_sink (12)> in= 1 out= 0

<gr_block message_sink (12)>  noutput_items = 0
  rel rate      = 1
 sink
  max_items_avail = 0
  noutput_items = 0output_mult= 1
  rel rate      = 1
  BLKD_IN
<gr_block file_source (26)> in= 0 out= 1

<gr_block file_source (26)>  noutput_items = 0
  rel rate      = 1
 source
  noutput_items = 16383output_mult= 1
  general_work: noutput_items = 16383 result = 16383
<gr_block message_sink (12)> in= 1 out= 0

<gr_block message_sink (12)>  noutput_items = 16383
  rel rate      = 1
 sink
  max_items_avail = 16383
  noutput_items = 16383output_mult= 1
  rel rate      = 1
  general_work: noutput_items = 16383 result = 16383
<gr_block file_source (26)> in= 0 out= 1

<gr_block file_source (26)>  noutput_items = 16383
  rel rate      = 1
  Skipping source
<gr_block message_sink (12)> in= 1 out= 0

<gr_block message_sink (12)>  noutput_items = 16383
  rel rate      = 1
 sink
  max_items_avail = 0
  noutput_items = 0output_mult= 1
  rel rate      = 1
  BLKD_IN
<gr_block file_source (26)> in= 0 out= 1

<gr_block file_source (26)>  noutput_items = 0
  rel rate      = 1
 source
  noutput_items = 16383output_mult= 1
  general_work: noutput_items = 16383 result = 16383
<gr_block message_sink (12)> in= 1 out= 0

<gr_block message_sink (12)>  noutput_items = 16383
  rel rate      = 1
 sink
  max_items_avail = 16383
  noutput_items = 16383output_mult= 1
  rel rate      = 1
  general_work: noutput_items = 16383 result = 16383
<gr_block file_source (26)> in= 0 out= 1

<gr_block file_source (26)>  noutput_items = 16383
  rel rate      = 1
  Skipping source
<gr_block message_sink (12)> in= 1 out= 0

<gr_block message_sink (12)>  noutput_items = 16383
  rel rate      = 1
 sink
  max_items_avail = 0
  noutput_items = 0output_mult= 1
  rel rate      = 1
  BLKD_IN
<gr_block file_source (26)> in= 0 out= 1

<gr_block file_source (26)>  noutput_items = 0
  rel rate      = 1
 source
  noutput_items = 16383output_mult= 1
  general_work: noutput_items = 16383 result = 16383
<gr_block message_sink (12)> in= 1 out= 0

<gr_block message_sink (12)>  noutput_items = 16383
  rel rate      = 1
 sink
  max_items_avail = 16383
  noutput_items = 16383output_mult= 1
  rel rate      = 1
  general_work: noutput_items = 16383 result = 16383
<gr_block file_source (26)> in= 0 out= 1

<gr_block file_source (26)>  noutput_items = 16383
  rel rate      = 1
  Skipping source
<gr_block message_sink (12)> in= 1 out= 0

<gr_block message_sink (12)>  noutput_items = 16383
  rel rate      = 1
 sink
  max_items_avail = 0
  noutput_items = 0output_mult= 1
  rel rate      = 1
  BLKD_IN
<gr_block file_source (26)> in= 0 out= 1

<gr_block file_source (26)>  noutput_items = 0
  rel rate      = 1
 source
  noutput_items = 16383output_mult= 1
  general_work: noutput_items = 16383 result = 16383
<gr_block message_sink (12)> in= 1 out= 0

<gr_block message_sink (12)>  noutput_items = 16383
  rel rate      = 1
 sink
  max_items_avail = 16383
  noutput_items = 16383output_mult= 1
  rel rate      = 1
  general_work: noutput_items = 16383 result = 16383
<gr_block file_source (26)> in= 0 out= 1

<gr_block file_source (26)>  noutput_items = 16383
  rel rate      = 1
  Skipping source
<gr_block message_sink (12)> in= 1 out= 0

<gr_block message_sink (12)>  noutput_items = 16383
  rel rate      = 1
 sink
  max_items_avail = 0
  noutput_items = 0output_mult= 1
  rel rate      = 1
  BLKD_IN
<gr_block file_source (26)> in= 0 out= 1

<gr_block file_source (26)>  noutput_items = 0
  rel rate      = 1
 source
  noutput_items = 16383output_mult= 1
  general_work: noutput_items = 16383 result = 16383
<gr_block message_sink (12)> in= 1 out= 0

<gr_block message_sink (12)>  noutput_items = 16383
  rel rate      = 1
 sink
  max_items_avail = 16383
  noutput_items = 16383output_mult= 1
  rel rate      = 1
  general_work: noutput_items = 16383 result = 16383
<gr_block file_source (26)> in= 0 out= 1

<gr_block file_source (26)>  noutput_items = 16383
  rel rate      = 1
  Skipping source
<gr_block message_sink (12)> in= 1 out= 0

<gr_block message_sink (12)>  noutput_items = 16383
  rel rate      = 1
 sink
  max_items_avail = 0
  noutput_items = 0output_mult= 1
  rel rate      = 1
  BLKD_IN
<gr_block file_source (26)> in= 0 out= 1

<gr_block file_source (26)>  noutput_items = 0
  rel rate      = 1
 source
  noutput_items = 16383output_mult= 1
  general_work: noutput_items = 16383 result = 16383
<gr_block message_sink (12)> in= 1 out= 0

<gr_block message_sink (12)>  noutput_items = 16383
  rel rate      = 1
 sink
  max_items_avail = 16383
  noutput_items = 16383output_mult= 1
  rel rate      = 1
